# JRE version: Java(TM) SE Runtime Environment (21.0.6+8) (build 21.0.6+8-LTS-188)
# Java VM: Java HotSpot(TM) 64-Bit Server VM (21.0.6+8-LTS-188, mixed mode, sharing, tiered, compressed oops, compressed class ptrs, g1 gc, windows-amd64)
GC Precious Log:
 CardTable entry size: 512
 Card Set container configuration: InlinePtr #cards 4 size 8 Array Of Cards #cards 16 size 48 Howl #buckets 8 coarsen threshold 3686 Howl Bitmap #cards 512 size 80 coarsen threshold 460 Card regions per heap region 1 cards per card region 4096
 CPUs: 8 total, 8 available
 Memory: 15647M
 Large Page Support: Disabled
 NUMA Support: Disabled
 Compressed Oops: Enabled (Zero based)
 Heap Region Size: 2M
 Heap Min Capacity: 8M
 Heap Initial Capacity: 246M
 Heap Max Capacity: 3912M
 Pre-touch: Disabled
 Parallel Workers: 8
 Concurrent Workers: 2
 Concurrent Refinement Workers: 8
 Periodic GC: Disabled
Heap:
 garbage-first heap   total 75776K, used 64121K [0x000000070b800000, 0x0000000800000000)
  region size 2048K, 22 young (45056K), 2 survivors (4096K)
 Metaspace       used 49534K, committed 50048K, reserved 1114112K
  class space    used 5952K, committed 6208K, reserved 1048576K
GC Heap History (20 events):
Event: 1.670 GC heap before
{Heap before GC invocations=1 (full 0):
 garbage-first heap   total 251904K, used 34547K [0x000000070b800000, 0x0000000800000000)
  region size 2048K, 16 young (32768K), 2 survivors (4096K)
 Metaspace       used 4326K, committed 4544K, reserved 1114112K
  class space    used 458K, committed 576K, reserved 1048576K
}
Event: 1.675 GC heap after
{Heap after GC invocations=2 (full 0):
 garbage-first heap   total 251904K, used 7201K [0x000000070b800000, 0x0000000800000000)
  region size 2048K, 1 young (2048K), 1 survivors (2048K)
 Metaspace       used 4326K, committed 4544K, reserved 1114112K
  class space    used 458K, committed 576K, reserved 1048576K
}
Event: 1.963 GC heap before
{Heap before GC invocations=2 (full 0):
 garbage-first heap   total 251904K, used 72737K [0x000000070b800000, 0x0000000800000000)
  region size 2048K, 34 young (69632K), 1 survivors (2048K)
 Metaspace       used 4380K, committed 4608K, reserved 1114112K
  class space    used 458K, committed 576K, reserved 1048576K
}
Event: 1.965 GC heap after
{Heap after GC invocations=3 (full 0):
 garbage-first heap   total 251904K, used 7655K [0x000000070b800000, 0x0000000800000000)
  region size 2048K, 1 young (2048K), 1 survivors (2048K)
 Metaspace       used 4380K, committed 4608K, reserved 1114112K
  class space    used 458K, committed 576K, reserved 1048576K
}
Event: 5.518 GC heap before
{Heap before GC invocations=3 (full 0):
 garbage-first heap   total 251904K, used 155111K [0x000000070b800000, 0x0000000800000000)
  region size 2048K, 73 young (149504K), 1 survivors (2048K)
 Metaspace       used 16165K, committed 16448K, reserved 1114112K
  class space    used 1859K, committed 1984K, reserved 1048576K
}
Event: 5.525 GC heap after
{Heap after GC invocations=4 (full 0):
 garbage-first heap   total 251904K, used 15548K [0x000000070b800000, 0x0000000800000000)
  region size 2048K, 5 young (10240K), 5 survivors (10240K)
 Metaspace       used 16165K, committed 16448K, reserved 1114112K
  class space    used 1859K, committed 1984K, reserved 1048576K
}
Event: 6.356 GC heap before
{Heap before GC invocations=4 (full 0):
 garbage-first heap   total 251904K, used 58556K [0x000000070b800000, 0x0000000800000000)
  region size 2048K, 27 young (55296K), 5 survivors (10240K)
 Metaspace       used 21280K, committed 21504K, reserved 1114112K
  class space    used 2224K, committed 2304K, reserved 1048576K
}
Event: 6.362 GC heap after
{Heap after GC invocations=5 (full 0):
 garbage-first heap   total 251904K, used 19250K [0x000000070b800000, 0x0000000800000000)
  region size 2048K, 7 young (14336K), 7 survivors (14336K)
 Metaspace       used 21280K, committed 21504K, reserved 1114112K
  class space    used 2224K, committed 2304K, reserved 1048576K
}
Event: 7.147 GC heap before
{Heap before GC invocations=6 (full 0):
 garbage-first heap   total 75776K, used 49970K [0x000000070b800000, 0x0000000800000000)
  region size 2048K, 22 young (45056K), 7 survivors (14336K)
 Metaspace       used 26949K, committed 27264K, reserved 1114112K
  class space    used 2987K, committed 3136K, reserved 1048576K
}
Event: 7.155 GC heap after
{Heap after GC invocations=7 (full 0):
 garbage-first heap   total 75776K, used 20692K [0x000000070b800000, 0x0000000800000000)
  region size 2048K, 3 young (6144K), 3 survivors (6144K)
 Metaspace       used 26949K, committed 27264K, reserved 1114112K
  class space    used 2987K, committed 3136K, reserved 1048576K
}
Event: 9.505 GC heap before
{Heap before GC invocations=7 (full 0):
 garbage-first heap   total 75776K, used 57556K [0x000000070b800000, 0x0000000800000000)
  region size 2048K, 22 young (45056K), 3 survivors (6144K)
 Metaspace       used 32237K, committed 32704K, reserved 1114112K
  class space    used 3607K, committed 3840K, reserved 1048576K
}
Event: 9.510 GC heap after
{Heap after GC invocations=8 (full 0):
 garbage-first heap   total 75776K, used 21200K [0x000000070b800000, 0x0000000800000000)
  region size 2048K, 2 young (4096K), 2 survivors (4096K)
 Metaspace       used 32237K, committed 32704K, reserved 1114112K
  class space    used 3607K, committed 3840K, reserved 1048576K
}
Event: 9.878 GC heap before
{Heap before GC invocations=8 (full 0):
 garbage-first heap   total 75776K, used 35536K [0x000000070b800000, 0x0000000800000000)
  region size 2048K, 10 young (20480K), 2 survivors (4096K)
 Metaspace       used 35667K, committed 36096K, reserved 1114112K
  class space    used 3948K, committed 4160K, reserved 1048576K
}
Event: 9.882 GC heap after
{Heap after GC invocations=9 (full 0):
 garbage-first heap   total 75776K, used 21311K [0x000000070b800000, 0x0000000800000000)
  region size 2048K, 2 young (4096K), 2 survivors (4096K)
 Metaspace       used 35667K, committed 36096K, reserved 1114112K
  class space    used 3948K, committed 4160K, reserved 1048576K
}
Event: 10.911 GC heap before
{Heap before GC invocations=10 (full 0):
 garbage-first heap   total 75776K, used 60223K [0x000000070b800000, 0x0000000800000000)
  region size 2048K, 22 young (45056K), 2 survivors (4096K)
 Metaspace       used 40339K, committed 40768K, reserved 1114112K
  class space    used 4569K, committed 4736K, reserved 1048576K
}
Event: 10.914 GC heap after
{Heap after GC invocations=11 (full 0):
 garbage-first heap   total 75776K, used 22903K [0x000000070b800000, 0x0000000800000000)
  region size 2048K, 3 young (6144K), 3 survivors (6144K)
 Metaspace       used 40339K, committed 40768K, reserved 1114112K
  class space    used 4569K, committed 4736K, reserved 1048576K
}
Event: 11.829 GC heap before
{Heap before GC invocations=11 (full 0):
 garbage-first heap   total 75776K, used 59767K [0x000000070b800000, 0x0000000800000000)
  region size 2048K, 22 young (45056K), 3 survivors (6144K)
 Metaspace       used 42839K, committed 43200K, reserved 1114112K
  class space    used 4976K, committed 5120K, reserved 1048576K
}
Event: 11.835 GC heap after
{Heap after GC invocations=12 (full 0):
 garbage-first heap   total 75776K, used 22611K [0x000000070b800000, 0x0000000800000000)
  region size 2048K, 2 young (4096K), 2 survivors (4096K)
 Metaspace       used 42839K, committed 43200K, reserved 1114112K
  class space    used 4976K, committed 5120K, reserved 1048576K
}
Event: 20.931 GC heap before
{Heap before GC invocations=12 (full 0):
 garbage-first heap   total 75776K, used 63571K [0x000000070b800000, 0x0000000800000000)
  region size 2048K, 22 young (45056K), 2 survivors (4096K)
 Metaspace       used 45033K, committed 45440K, reserved 1114112K
  class space    used 5336K, committed 5504K, reserved 1048576K
}
Event: 20.936 GC heap after
{Heap after GC invocations=13 (full 0):
 garbage-first heap   total 75776K, used 23161K [0x000000070b800000, 0x0000000800000000)
  region size 2048K, 2 young (4096K), 2 survivors (4096K)
 Metaspace       used 45033K, committed 45440K, reserved 1114112K
  class space    used 5336K, committed 5504K, reserved 1048576K
}

